-------------------------------------------------------------------------------
Test set: com.webproject.talent.MyBatisTest
-------------------------------------------------------------------------------
Tests run: 1, Failures: 0, Errors: 1, Skipped: 0, Time elapsed: 0 sec <<< FAILURE! - in com.webproject.talent.MyBatisTest
initializationError(com.webproject.talent.MyBatisTest)  Time elapsed: 0 sec  <<< ERROR!
java.lang.NoClassDefFoundError: Could not initialize class org.springframework.test.context.junit4.SpringJUnit4ClassRunner

