-------------------------------------------------------------------------------
Test set: com.webproject.talent.DataSourceTest
-------------------------------------------------------------------------------
Tests run: 1, Failures: 0, Errors: 1, Skipped: 0, Time elapsed: 0.115 sec <<< FAILURE! - in com.webproject.talent.DataSourceTest
initializationError(com.webproject.talent.DataSourceTest)  Time elapsed: 0.004 sec  <<< ERROR!
java.lang.ExceptionInInitializerError
Caused by: java.lang.IllegalStateException: SpringJUnit4ClassRunner requires JUnit 4.12 or higher.

